2026-03-05T22:06:56.494Z | Health Check | SUCCESS | 183ms
2026-03-05T22:07:40.244Z | Health Check | SUCCESS | 465ms
2026-03-05T22:30:06.824Z | Generate Market Data | SUCCESS | 5063ms
2026-03-05T22:30:06.824Z | Generate Market Data | SUCCESS | 5063ms
2026-03-05T22:30:07.387Z | Generate Enhanced Content | SUCCESS | 560ms
2026-03-05T22:30:07.434Z | Generate Enhanced Content | SUCCESS | 607ms
2026-03-05T22:30:07.576Z | Post to Twitter | SUCCESS | 189ms
2026-03-05T22:30:07.577Z | Health Check | SUCCESS | 5816ms
2026-03-05T22:30:07.585Z | Post to Twitter | SUCCESS | 150ms
2026-03-05T22:30:07.586Z | Health Check | SUCCESS | 5826ms
2026-03-05T23:00:07.506Z | Generate Market Data | SUCCESS | 5817ms
2026-03-05T23:00:08.123Z | Generate Enhanced Content | SUCCESS | 615ms
2026-03-05T23:00:08.335Z | Post to Twitter | SUCCESS | 209ms
2026-03-05T23:00:08.337Z | Health Check | SUCCESS | 6648ms
2026-03-05T23:30:06.781Z | Generate Market Data | SUCCESS | 5330ms
2026-03-05T23:30:06.781Z | Generate Market Data | SUCCESS | 5330ms
2026-03-05T23:30:07.332Z | Generate Enhanced Content | SUCCESS | 548ms
2026-03-05T23:30:07.332Z | Generate Enhanced Content | SUCCESS | 548ms
2026-03-05T23:30:07.540Z | Post to Twitter | SUCCESS | 206ms
2026-03-05T23:30:07.542Z | Post to Twitter | SUCCESS | 208ms
2026-03-05T23:30:07.542Z | Health Check | FAILED | 6092ms
2026-03-05T23:30:07.544Z | Health Check | FAILED | 6094ms
2026-03-06T00:00:07.125Z | Generate Market Data | SUCCESS | 5469ms
2026-03-06T00:00:07.126Z | Generate Market Data | SUCCESS | 5470ms
2026-03-06T00:00:07.742Z | Generate Enhanced Content | SUCCESS | 614ms
2026-03-06T00:00:07.774Z | Generate Enhanced Content | SUCCESS | 647ms
2026-03-06T00:00:07.954Z | Post to Twitter | SUCCESS | 178ms
2026-03-06T00:00:07.954Z | Post to Twitter | SUCCESS | 211ms
2026-03-06T00:00:07.956Z | Health Check | SUCCESS | 6301ms
2026-03-06T00:00:07.956Z | Health Check | SUCCESS | 6301ms
2026-03-06T00:30:06.728Z | Generate Market Data | SUCCESS | 5661ms
2026-03-06T00:30:06.728Z | Generate Market Data | SUCCESS | 5660ms
2026-03-06T00:30:07.330Z | Generate Enhanced Content | SUCCESS | 599ms
2026-03-06T00:30:07.361Z | Generate Enhanced Content | SUCCESS | 631ms
2026-03-06T00:30:07.537Z | Post to Twitter | SUCCESS | 174ms
2026-03-06T00:30:07.539Z | Post to Twitter | SUCCESS | 207ms
2026-03-06T00:30:07.539Z | Health Check | SUCCESS | 6473ms
2026-03-06T00:30:07.541Z | Health Check | SUCCESS | 6473ms
2026-03-06T01:00:06.837Z | Generate Market Data | SUCCESS | 5196ms
2026-03-06T01:00:06.871Z | Generate Market Data | SUCCESS | 5229ms
2026-03-06T01:00:07.474Z | Generate Enhanced Content | SUCCESS | 635ms
2026-03-06T01:00:07.510Z | Generate Enhanced Content | SUCCESS | 636ms
2026-03-06T01:00:07.680Z | Post to Twitter | SUCCESS | 169ms
2026-03-06T01:00:07.680Z | Post to Twitter | SUCCESS | 205ms
2026-03-06T01:00:07.682Z | Health Check | SUCCESS | 6041ms
2026-03-06T01:00:07.682Z | Health Check | SUCCESS | 6041ms
2026-03-06T01:30:06.782Z | Generate Market Data | SUCCESS | 4984ms
2026-03-06T01:30:06.782Z | Generate Market Data | SUCCESS | 4984ms
2026-03-06T01:30:07.443Z | Generate Enhanced Content | SUCCESS | 659ms
2026-03-06T01:30:07.479Z | Generate Enhanced Content | SUCCESS | 694ms
2026-03-06T01:30:07.657Z | Post to Twitter | SUCCESS | 213ms
2026-03-06T01:30:07.658Z | Post to Twitter | SUCCESS | 178ms
2026-03-06T01:30:07.659Z | Health Check | SUCCESS | 5862ms
2026-03-06T01:30:07.659Z | Health Check | SUCCESS | 5862ms
2026-03-06T02:00:07.394Z | Generate Market Data | SUCCESS | 5628ms
2026-03-06T02:00:07.394Z | Generate Market Data | SUCCESS | 5628ms
2026-03-06T02:00:07.916Z | Generate Enhanced Content | SUCCESS | 520ms
2026-03-06T02:00:08.027Z | Generate Enhanced Content | SUCCESS | 631ms
2026-03-06T02:00:08.064Z | Post to Twitter | SUCCESS | 146ms
2026-03-06T02:00:08.066Z | Health Check | SUCCESS | 6300ms
2026-03-06T02:00:08.252Z | Post to Twitter | SUCCESS | 223ms
2026-03-06T02:00:08.254Z | Health Check | SUCCESS | 6489ms
2026-03-06T02:30:06.364Z | Generate Market Data | SUCCESS | 4997ms
2026-03-06T02:30:06.365Z | Generate Market Data | SUCCESS | 4999ms
2026-03-06T02:30:06.849Z | Generate Enhanced Content | SUCCESS | 482ms
2026-03-06T02:30:06.881Z | Generate Enhanced Content | SUCCESS | 514ms
2026-03-06T02:30:07.057Z | Post to Twitter | SUCCESS | 207ms
2026-03-06T02:30:07.057Z | Post to Twitter | SUCCESS | 174ms
2026-03-06T02:30:07.059Z | Health Check | SUCCESS | 5692ms
2026-03-06T02:30:07.059Z | Health Check | SUCCESS | 5693ms
2026-03-06T03:00:07.162Z | Generate Market Data | SUCCESS | 5994ms
2026-03-06T03:00:07.861Z | Generate Enhanced Content | SUCCESS | 697ms
2026-03-06T03:00:08.058Z | Post to Twitter | SUCCESS | 195ms
2026-03-06T03:00:08.096Z | Generate Articles | SUCCESS | 37ms
2026-03-06T03:00:08.097Z | Health Check | SUCCESS | 6930ms
2026-03-06T03:30:06.213Z | Generate Market Data | SUCCESS | 5004ms
2026-03-06T03:30:06.213Z | Generate Market Data | SUCCESS | 5004ms
2026-03-06T03:30:06.748Z | Generate Enhanced Content | SUCCESS | 531ms
2026-03-06T03:30:06.748Z | Generate Enhanced Content | SUCCESS | 531ms
2026-03-06T03:30:06.786Z | Post to Twitter | SUCCESS | 36ms
2026-03-06T03:30:06.786Z | Post to Twitter | SUCCESS | 37ms
2026-03-06T03:30:06.826Z | Generate Articles | SUCCESS | 40ms
2026-03-06T03:30:06.826Z | Generate Articles | SUCCESS | 39ms
2026-03-06T03:30:06.827Z | Health Check | SUCCESS | 5618ms
2026-03-06T03:30:06.828Z | Health Check | SUCCESS | 5619ms
2026-03-06T04:00:06.788Z | Generate Market Data | SUCCESS | 4853ms
2026-03-06T04:00:06.788Z | Generate Market Data | SUCCESS | 4855ms
2026-03-06T04:00:07.330Z | Generate Enhanced Content | SUCCESS | 539ms
2026-03-06T04:00:07.424Z | Generate Enhanced Content | SUCCESS | 633ms
2026-03-06T04:00:07.480Z | Post to Twitter | SUCCESS | 150ms
2026-03-06T04:00:07.482Z | Health Check | SUCCESS | 5547ms
2026-03-06T04:00:07.576Z | Post to Twitter | SUCCESS | 151ms
2026-03-06T04:00:07.579Z | Health Check | SUCCESS | 5647ms
2026-03-06T04:30:07.080Z | Generate Market Data | SUCCESS | 5379ms
2026-03-06T04:30:07.081Z | Generate Market Data | SUCCESS | 5379ms
2026-03-06T04:30:07.596Z | Generate Enhanced Content | SUCCESS | 512ms
2026-03-06T04:30:07.596Z | Generate Enhanced Content | SUCCESS | 512ms
2026-03-06T04:30:07.631Z | Post to Twitter | SUCCESS | 33ms
2026-03-06T04:30:07.631Z | Post to Twitter | SUCCESS | 33ms
2026-03-06T04:30:07.633Z | Health Check | SUCCESS | 5933ms
2026-03-06T04:30:07.633Z | Health Check | SUCCESS | 5932ms
2026-03-06T05:00:07.094Z | Generate Market Data | SUCCESS | 5349ms
2026-03-06T05:00:07.636Z | Generate Enhanced Content | SUCCESS | 540ms
2026-03-06T05:00:07.843Z | Post to Twitter | SUCCESS | 205ms
2026-03-06T05:00:07.845Z | Health Check | SUCCESS | 6101ms
2026-03-06T05:30:07.833Z | Generate Market Data | SUCCESS | 5877ms
2026-03-06T05:30:07.833Z | Generate Market Data | SUCCESS | 5877ms
2026-03-06T05:30:08.423Z | Generate Enhanced Content | SUCCESS | 588ms
2026-03-06T05:30:08.544Z | Generate Enhanced Content | SUCCESS | 709ms
2026-03-06T05:30:08.576Z | Post to Twitter | SUCCESS | 151ms
2026-03-06T05:30:08.578Z | Health Check | SUCCESS | 6622ms
2026-03-06T05:30:08.761Z | Post to Twitter | SUCCESS | 215ms
2026-03-06T05:30:08.762Z | Health Check | SUCCESS | 6806ms
2026-03-06T06:00:07.358Z | Generate Market Data | SUCCESS | 5486ms
2026-03-06T06:00:07.358Z | Generate Market Data | SUCCESS | 5486ms
2026-03-06T06:00:07.833Z | Generate Enhanced Content | SUCCESS | 473ms
2026-03-06T06:00:07.975Z | Generate Enhanced Content | SUCCESS | 614ms
2026-03-06T06:00:07.987Z | Post to Twitter | SUCCESS | 152ms
2026-03-06T06:00:07.989Z | Health Check | SUCCESS | 6117ms
2026-03-06T06:00:08.181Z | Post to Twitter | SUCCESS | 205ms
2026-03-06T06:00:08.183Z | Health Check | SUCCESS | 6311ms
2026-03-06T06:30:06.528Z | Generate Market Data | SUCCESS | 5224ms
2026-03-06T06:30:06.529Z | Generate Market Data | SUCCESS | 5226ms
2026-03-06T06:30:07.138Z | Generate Enhanced Content | SUCCESS | 607ms
2026-03-06T06:30:07.169Z | Generate Enhanced Content | SUCCESS | 639ms
2026-03-06T06:30:07.346Z | Post to Twitter | SUCCESS | 207ms
2026-03-06T06:30:07.347Z | Post to Twitter | SUCCESS | 176ms
2026-03-06T06:30:07.348Z | Health Check | SUCCESS | 6044ms
2026-03-06T06:30:07.348Z | Health Check | SUCCESS | 6046ms
2026-03-06T07:00:07.977Z | Generate Market Data | SUCCESS | 6516ms
2026-03-06T07:00:08.582Z | Generate Enhanced Content | SUCCESS | 603ms
2026-03-06T07:00:08.796Z | Post to Twitter | SUCCESS | 213ms
2026-03-06T07:00:08.798Z | Health Check | SUCCESS | 7338ms
2026-03-06T07:30:06.706Z | Generate Market Data | SUCCESS | 4792ms
2026-03-06T07:30:06.736Z | Generate Market Data | SUCCESS | 4816ms
2026-03-06T07:30:07.186Z | Generate Enhanced Content | SUCCESS | 477ms
2026-03-06T07:30:07.351Z | Generate Enhanced Content | SUCCESS | 612ms
2026-03-06T07:30:07.394Z | Post to Twitter | SUCCESS | 207ms
2026-03-06T07:30:07.397Z | Health Check | SUCCESS | 5483ms
2026-03-06T07:30:07.506Z | Post to Twitter | SUCCESS | 155ms
2026-03-06T07:30:07.508Z | Health Check | SUCCESS | 5588ms
2026-03-06T08:00:07.094Z | Generate Market Data | SUCCESS | 5482ms
2026-03-06T08:00:07.707Z | Generate Enhanced Content | SUCCESS | 612ms
2026-03-06T08:00:07.920Z | Post to Twitter | SUCCESS | 210ms
2026-03-06T08:00:07.922Z | Health Check | SUCCESS | 6312ms
2026-03-06T08:30:07.164Z | Generate Market Data | SUCCESS | 5127ms
2026-03-06T08:30:07.201Z | Generate Market Data | SUCCESS | 5163ms
2026-03-06T08:30:07.652Z | Generate Enhanced Content | SUCCESS | 486ms
2026-03-06T08:30:07.806Z | Generate Enhanced Content | SUCCESS | 604ms
2026-03-06T08:30:07.827Z | Post to Twitter | SUCCESS | 174ms
2026-03-06T08:30:07.829Z | Health Check | SUCCESS | 5793ms
2026-03-06T08:30:08.018Z | Post to Twitter | SUCCESS | 211ms
2026-03-06T08:30:08.020Z | Health Check | SUCCESS | 5984ms
2026-03-06T09:00:06.219Z | Generate Market Data | SUCCESS | 5097ms
2026-03-06T09:00:06.923Z | Generate Enhanced Content | SUCCESS | 702ms
2026-03-06T09:00:07.072Z | Post to Twitter | SUCCESS | 147ms
2026-03-06T09:00:07.074Z | Health Check | SUCCESS | 5952ms
2026-03-06T09:30:06.779Z | Generate Market Data | SUCCESS | 5591ms
2026-03-06T09:30:06.779Z | Generate Market Data | SUCCESS | 5591ms
2026-03-06T09:30:07.265Z | Generate Enhanced Content | SUCCESS | 483ms
2026-03-06T09:30:07.415Z | Generate Enhanced Content | SUCCESS | 634ms
2026-03-06T09:30:07.424Z | Post to Twitter | SUCCESS | 158ms
2026-03-06T09:30:07.426Z | Health Check | SUCCESS | 6238ms
2026-03-06T09:30:07.612Z | Post to Twitter | SUCCESS | 195ms
2026-03-06T09:30:07.614Z | Health Check | SUCCESS | 6426ms
2026-03-06T10:00:06.400Z | Generate Market Data | SUCCESS | 4694ms
2026-03-06T10:00:06.400Z | Generate Market Data | SUCCESS | 4692ms
2026-03-06T10:00:06.435Z | Generate Market Data | SUCCESS | 4729ms
2026-03-06T10:00:06.890Z | Generate Enhanced Content | SUCCESS | 487ms
2026-03-06T10:00:06.922Z | Generate Enhanced Content | SUCCESS | 485ms
2026-03-06T10:00:06.922Z | Generate Enhanced Content | SUCCESS | 520ms
2026-03-06T10:00:07.120Z | Post to Twitter | SUCCESS | 196ms
2026-03-06T10:00:07.120Z | Post to Twitter | SUCCESS | 228ms
2026-03-06T10:00:07.122Z | Health Check | SUCCESS | 5415ms
2026-03-06T10:00:07.122Z | Health Check | SUCCESS | 5417ms
2026-03-06T10:00:07.122Z | Post to Twitter | SUCCESS | 198ms
2026-03-06T10:00:07.123Z | Health Check | SUCCESS | 5418ms
2026-03-06T10:30:06.940Z | Generate Market Data | SUCCESS | 5703ms
2026-03-06T10:30:06.973Z | Generate Market Data | SUCCESS | 5735ms
2026-03-06T10:30:07.445Z | Generate Enhanced Content | SUCCESS | 470ms
2026-03-06T10:30:07.574Z | Generate Enhanced Content | SUCCESS | 631ms
2026-03-06T10:30:07.599Z | Post to Twitter | SUCCESS | 152ms
2026-03-06T10:30:07.602Z | Health Check | SUCCESS | 6365ms
2026-03-06T10:30:07.787Z | Post to Twitter | SUCCESS | 212ms
2026-03-06T10:30:07.790Z | Health Check | SUCCESS | 6553ms
2026-03-06T11:00:07.081Z | Generate Market Data | SUCCESS | 5188ms
2026-03-06T11:00:07.608Z | Generate Enhanced Content | SUCCESS | 525ms
2026-03-06T11:00:07.823Z | Post to Twitter | SUCCESS | 213ms
2026-03-06T11:00:07.825Z | Health Check | SUCCESS | 5932ms
2026-03-06T11:30:06.615Z | Generate Market Data | SUCCESS | 4671ms
2026-03-06T11:30:06.616Z | Generate Market Data | SUCCESS | 4672ms
2026-03-06T11:30:07.224Z | Generate Enhanced Content | SUCCESS | 607ms
2026-03-06T11:30:07.224Z | Generate Enhanced Content | SUCCESS | 606ms
2026-03-06T11:30:07.418Z | Post to Twitter | SUCCESS | 192ms
2026-03-06T11:30:07.418Z | Post to Twitter | SUCCESS | 192ms
2026-03-06T11:30:07.420Z | Health Check | SUCCESS | 5477ms
2026-03-06T11:30:07.420Z | Health Check | SUCCESS | 5477ms
2026-03-06T12:00:08.786Z | Generate Market Data | SUCCESS | 7254ms
2026-03-06T12:00:09.468Z | Generate Enhanced Content | SUCCESS | 680ms
2026-03-06T12:00:09.691Z | Post to Twitter | SUCCESS | 221ms
2026-03-06T12:00:09.694Z | Health Check | SUCCESS | 8163ms
2026-03-06T12:30:06.777Z | Generate Market Data | SUCCESS | 4967ms
2026-03-06T12:30:06.777Z | Generate Market Data | SUCCESS | 4968ms
2026-03-06T12:30:07.274Z | Generate Enhanced Content | SUCCESS | 495ms
2026-03-06T12:30:07.396Z | Generate Enhanced Content | SUCCESS | 616ms
2026-03-06T12:30:07.437Z | Post to Twitter | SUCCESS | 161ms
2026-03-06T12:30:07.438Z | Health Check | SUCCESS | 5629ms
2026-03-06T12:30:07.557Z | Post to Twitter | SUCCESS | 159ms
2026-03-06T12:30:07.559Z | Health Check | SUCCESS | 5750ms
2026-03-06T13:00:07.035Z | Generate Market Data | SUCCESS | 5375ms
2026-03-06T13:00:07.547Z | Generate Enhanced Content | SUCCESS | 511ms
2026-03-06T13:00:07.759Z | Post to Twitter | SUCCESS | 211ms
2026-03-06T13:00:07.761Z | Health Check | SUCCESS | 6102ms
2026-03-06T13:30:07.124Z | Generate Market Data | SUCCESS | 5241ms
2026-03-06T13:30:07.124Z | Generate Market Data | SUCCESS | 5243ms
2026-03-06T13:30:07.678Z | Generate Enhanced Content | SUCCESS | 552ms
2026-03-06T13:30:07.678Z | Generate Enhanced Content | SUCCESS | 552ms
2026-03-06T13:30:07.888Z | Post to Twitter | SUCCESS | 209ms
2026-03-06T13:30:07.889Z | Post to Twitter | SUCCESS | 209ms
2026-03-06T13:30:07.890Z | Health Check | SUCCESS | 6010ms
2026-03-06T13:30:07.890Z | Health Check | SUCCESS | 6009ms
2026-03-06T14:00:07.158Z | Generate Market Data | SUCCESS | 5165ms
2026-03-06T14:00:07.158Z | Generate Market Data | SUCCESS | 5164ms
2026-03-06T14:00:07.662Z | Generate Enhanced Content | SUCCESS | 501ms
2026-03-06T14:00:07.697Z | Generate Enhanced Content | SUCCESS | 536ms
2026-03-06T14:00:07.813Z | Post to Twitter | SUCCESS | 148ms
2026-03-06T14:00:07.815Z | Health Check | SUCCESS | 5822ms
2026-03-06T14:00:07.849Z | Post to Twitter | SUCCESS | 151ms
2026-03-06T14:00:07.851Z | Health Check | SUCCESS | 5857ms
2026-03-06T14:30:07.999Z | Generate Market Data | SUCCESS | 6031ms
2026-03-06T14:30:08.000Z | Generate Market Data | SUCCESS | 6032ms
2026-03-06T14:30:08.523Z | Generate Enhanced Content | SUCCESS | 521ms
2026-03-06T14:30:08.551Z | Generate Enhanced Content | SUCCESS | 548ms
2026-03-06T14:30:08.728Z | Post to Twitter | SUCCESS | 205ms
2026-03-06T14:30:08.729Z | Post to Twitter | SUCCESS | 177ms
2026-03-06T14:30:08.730Z | Health Check | SUCCESS | 6763ms
2026-03-06T14:30:08.731Z | Health Check | SUCCESS | 6763ms
2026-03-06T15:00:07.055Z | Generate Market Data | SUCCESS | 5219ms
2026-03-06T15:00:07.551Z | Generate Enhanced Content | SUCCESS | 495ms
2026-03-06T15:00:07.684Z | Post to Twitter | SUCCESS | 131ms
2026-03-06T15:00:07.686Z | Health Check | SUCCESS | 5851ms
2026-03-06T15:30:09.961Z | Generate Market Data | SUCCESS | 8160ms
2026-03-06T15:30:09.963Z | Generate Market Data | SUCCESS | 8163ms
2026-03-06T15:30:10.508Z | Generate Enhanced Content | SUCCESS | 545ms
2026-03-06T15:30:10.602Z | Generate Enhanced Content | SUCCESS | 637ms
2026-03-06T15:30:10.645Z | Post to Twitter | SUCCESS | 135ms
2026-03-06T15:30:10.647Z | Health Check | SUCCESS | 8847ms
2026-03-06T15:30:10.734Z | Post to Twitter | SUCCESS | 131ms
2026-03-06T15:30:10.736Z | Health Check | SUCCESS | 8937ms
2026-03-06T16:00:07.614Z | Generate Market Data | SUCCESS | 5778ms
2026-03-06T16:00:07.615Z | Generate Market Data | SUCCESS | 5779ms
2026-03-06T16:00:08.072Z | Generate Enhanced Content | SUCCESS | 453ms
2026-03-06T16:00:08.131Z | Generate Enhanced Content | SUCCESS | 515ms
2026-03-06T16:00:08.203Z | Post to Twitter | SUCCESS | 130ms
2026-03-06T16:00:08.205Z | Health Check | SUCCESS | 6370ms
2026-03-06T16:00:08.260Z | Post to Twitter | SUCCESS | 127ms
2026-03-06T16:00:08.262Z | Health Check | SUCCESS | 6427ms
2026-03-06T16:30:06.796Z | Generate Market Data | SUCCESS | 5423ms
2026-03-06T16:30:06.796Z | Generate Market Data | SUCCESS | 5424ms
2026-03-06T16:30:07.375Z | Generate Enhanced Content | SUCCESS | 577ms
2026-03-06T16:30:07.419Z | Generate Enhanced Content | SUCCESS | 620ms
2026-03-06T16:30:07.505Z | Post to Twitter | SUCCESS | 129ms
2026-03-06T16:30:07.507Z | Health Check | SUCCESS | 6135ms
2026-03-06T16:30:07.553Z | Post to Twitter | SUCCESS | 134ms
2026-03-06T16:30:07.555Z | Health Check | SUCCESS | 6183ms
2026-03-06T17:00:07.321Z | Generate Market Data | SUCCESS | 5671ms
2026-03-06T17:00:07.867Z | Generate Enhanced Content | SUCCESS | 544ms
2026-03-06T17:00:08.001Z | Post to Twitter | SUCCESS | 132ms
2026-03-06T17:00:08.003Z | Health Check | SUCCESS | 6353ms
2026-03-06T17:30:06.365Z | Generate Market Data | SUCCESS | 5252ms
2026-03-06T17:30:06.366Z | Generate Market Data | SUCCESS | 5253ms
2026-03-06T17:30:06.974Z | Generate Enhanced Content | SUCCESS | 606ms
2026-03-06T17:30:07.003Z | Generate Enhanced Content | SUCCESS | 635ms
2026-03-06T17:30:07.176Z | Post to Twitter | SUCCESS | 200ms
2026-03-06T17:30:07.177Z | Post to Twitter | SUCCESS | 174ms
2026-03-06T17:30:07.178Z | Health Check | SUCCESS | 6066ms
2026-03-06T17:30:07.179Z | Health Check | SUCCESS | 6066ms
2026-03-06T18:00:06.761Z | Generate Market Data | SUCCESS | 5484ms
2026-03-06T18:00:06.761Z | Generate Market Data | SUCCESS | 5480ms
2026-03-06T18:00:07.344Z | Generate Enhanced Content | SUCCESS | 582ms
2026-03-06T18:00:07.379Z | Generate Enhanced Content | SUCCESS | 616ms
2026-03-06T18:00:07.481Z | Post to Twitter | SUCCESS | 135ms
2026-03-06T18:00:07.482Z | Health Check | SUCCESS | 6203ms
2026-03-06T18:00:07.517Z | Post to Twitter | SUCCESS | 137ms
2026-03-06T18:00:07.518Z | Health Check | SUCCESS | 6242ms
2026-03-06T18:30:08.016Z | Generate Market Data | SUCCESS | 6387ms
2026-03-06T18:30:08.016Z | Generate Market Data | SUCCESS | 6385ms
2026-03-06T18:30:08.549Z | Generate Enhanced Content | SUCCESS | 530ms
2026-03-06T18:30:08.551Z | Generate Enhanced Content | SUCCESS | 533ms
2026-03-06T18:30:08.581Z | Post to Twitter | SUCCESS | 30ms
2026-03-06T18:30:08.582Z | Post to Twitter | SUCCESS | 29ms
2026-03-06T18:30:08.582Z | Health Check | SUCCESS | 6951ms
2026-03-06T18:30:08.583Z | Health Check | SUCCESS | 6956ms
2026-03-06T19:00:07.657Z | Generate Market Data | SUCCESS | 5971ms
2026-03-06T19:00:08.111Z | Generate Enhanced Content | SUCCESS | 451ms
2026-03-06T19:00:08.248Z | Post to Twitter | SUCCESS | 136ms
2026-03-06T19:00:08.249Z | Health Check | SUCCESS | 6563ms
2026-03-06T19:30:06.758Z | Generate Market Data | SUCCESS | 5395ms
2026-03-06T19:30:06.759Z | Generate Market Data | SUCCESS | 5395ms
2026-03-06T19:30:07.351Z | Generate Enhanced Content | SUCCESS | 590ms
2026-03-06T19:30:07.383Z | Generate Enhanced Content | SUCCESS | 622ms
2026-03-06T19:30:07.559Z | Post to Twitter | SUCCESS | 176ms
2026-03-06T19:30:07.560Z | Post to Twitter | SUCCESS | 207ms
2026-03-06T19:30:07.561Z | Health Check | SUCCESS | 6198ms
2026-03-06T19:30:07.561Z | Health Check | SUCCESS | 6198ms
2026-03-06T20:00:07.053Z | Generate Market Data | SUCCESS | 5396ms
2026-03-06T20:00:07.549Z | Generate Enhanced Content | SUCCESS | 494ms
2026-03-06T20:00:07.682Z | Post to Twitter | SUCCESS | 132ms
2026-03-06T20:00:07.684Z | Health Check | SUCCESS | 6027ms
