🏥 Checking website health...
  ✅ Main Site: HTTP 200
  ⚠️  API Health: HTTP 404
  ✅ Dashboard: HTTP 200
  💾 Disk: /dev/nvme0n1p2  468G   32G  413G   8% /
✅ Health check completed
🏥 Checking website health...
  ✅ Main Site: HTTP 200
  ⚠️  API Health: HTTP 404
  ✅ Dashboard: HTTP 200
  💾 Disk: /dev/nvme0n1p2  468G   32G  412G   8% /
✅ Health check completed
🏥 Checking website health...
  ✅ Main Site: HTTP 200
  ⚠️  API Health: HTTP 404
  ✅ Dashboard: HTTP 200
  💾 Disk: /dev/nvme0n1p2  468G   32G  412G   8% /
✅ Health check completed
🏥 Checking website health...
  ✅ Main Site: HTTP 200
  ⚠️  API Health: HTTP 404
  ✅ Dashboard: HTTP 200
  💾 Disk: /dev/nvme0n1p2  468G   32G  412G   8% /
✅ Health check completed
🏥 Checking website health...
  ✅ Main Site: HTTP 200
  ⚠️  API Health: HTTP 404
  ✅ Dashboard: HTTP 200
  💾 Disk: /dev/nvme0n1p2  468G   32G  412G   8% /
✅ Health check completed
🏥 Checking website health...
  ✅ Main Site: HTTP 200
  ⚠️  API Health: HTTP 404
  ✅ Dashboard: HTTP 200
  💾 Disk: /dev/nvme0n1p2  468G   32G  412G   8% /
✅ Health check completed
🏥 Checking website health...
  ✅ Main Site: HTTP 200
  ⚠️  API Health: HTTP 404
  ✅ Dashboard: HTTP 200
  💾 Disk: /dev/nvme0n1p2  468G   32G  412G   8% /
✅ Health check completed
🏥 Checking website health...
  ✅ Main Site: HTTP 200
  ⚠️  API Health: HTTP 404
  ✅ Dashboard: HTTP 200
  💾 Disk: /dev/nvme0n1p2  468G   32G  412G   8% /
✅ Health check completed
🏥 Checking website health...
  ✅ Main Site: HTTP 200
  ⚠️  API Health: HTTP 404
  ✅ Dashboard: HTTP 200
  💾 Disk: /dev/nvme0n1p2  468G   32G  412G   8% /
✅ Health check completed
