[2026-03-17T22:01:39.628Z] [INFO] Starting cleanup job
[2026-03-17T22:01:39.629Z] [INFO] Schedule: 0 0 * * *
[2026-03-17T22:01:39.629Z] [INFO] Description: Clean up old logs and temporary files
[2026-03-17T22:01:39.630Z] [INFO] Executing: node /home/matrix/.openclaw/workspace/iseeiape-website/scripts/cleanup.js 
[2026-03-17T22:01:39.667Z] [INFO] Execution completed in 38ms
[2026-03-17T22:01:39.668Z] [INFO] Output: 🧹 Starting cleanup
📅 Keeping files from last 7 days
==================================================

📋 Cleaning up old logs:
No old log files found

📋 Cleaning up temporary files:
No old temp files found

📋 Cleaning up old data backups:
No old backup files found

📋 Cleaning Next.js cache:
No old cache files found

📋 Optimizing databases:
No database file found

==================================================
🧹 CLEANUP SUMMARY
==================================================
✅ Del...
[2026-03-17T22:01:39.668Z] [INFO] Job cleanup completed successfully
